# JRE version: OpenJDK Runtime Environment (8.0_152-b01) (build 1.8.0_152-release-915-b01)
# Java VM: OpenJDK 64-Bit Server VM (25.152-b01 mixed mode linux-amd64 compressed oops)
Heap:
 def new generation   total 29952K, used 0K [0x00000000a0000000, 0x00000000a2080000, 0x00000000c0000000)
  eden space 26624K,   0% used [0x00000000a0000000, 0x00000000a0000000, 0x00000000a1a00000)
  from space 3328K,   0% used [0x00000000a1a00000, 0x00000000a1a00000, 0x00000000a1d40000)
  to   space 3328K,   0% used [0x00000000a1d40000, 0x00000000a1d40000, 0x00000000a2080000)
 tenured generation   total 76880K, used 74428K [0x00000000c0000000, 0x00000000c4b14000, 0x0000000100000000)
   the space 76880K,  96% used [0x00000000c0000000, 0x00000000c48af270, 0x00000000c48af400, 0x00000000c4b14000)
 Metaspace       used 54212K, capacity 56013K, committed 56152K, reserved 1097728K
  class space    used 7312K, capacity 7796K, committed 7808K, reserved 1048576K
GC Heap History (10 events):
Event: 31.003 GC heap after
Heap after GC invocations=62 (full 3):
 def new generation   total 19200K, used 2112K [0x00000000a0000000, 0x00000000a14d0000, 0x00000000c0000000)
  eden space 17088K,   0% used [0x00000000a0000000, 0x00000000a0000000, 0x00000000a10b0000)
  from space 2112K, 100% used [0x00000000a12c0000, 0x00000000a14d0000, 0x00000000a14d0000)
  to   space 2112K,   0% used [0x00000000a10b0000, 0x00000000a10b0000, 0x00000000a12c0000)
 tenured generation   total 42416K, used 39539K [0x00000000c0000000, 0x00000000c296c000, 0x0000000100000000)
   the space 42416K,  93% used [0x00000000c0000000, 0x00000000c269cfe0, 0x00000000c269d000, 0x00000000c296c000)
 Metaspace       used 54034K, capacity 55813K, committed 55896K, reserved 1097728K
  class space    used 7287K, capacity 7728K, committed 7808K, reserved 1048576K
}
Event: 31.070 GC heap before
{Heap before GC invocations=62 (full 3):
 def new generation   total 19200K, used 19200K [0x00000000a0000000, 0x00000000a14d0000, 0x00000000c0000000)
  eden space 17088K, 100% used [0x00000000a0000000, 0x00000000a10b0000, 0x00000000a10b0000)
  from space 2112K, 100% used [0x00000000a12c0000, 0x00000000a14d0000, 0x00000000a14d0000)
  to   space 2112K,   0% used [0x00000000a10b0000, 0x00000000a10b0000, 0x00000000a12c0000)
 tenured generation   total 42416K, used 39539K [0x00000000c0000000, 0x00000000c296c000, 0x0000000100000000)
   the space 42416K,  93% used [0x00000000c0000000, 0x00000000c269cfe0, 0x00000000c269d000, 0x00000000c296c000)
 Metaspace       used 54034K, capacity 55813K, committed 55896K, reserved 1097728K
  class space    used 7287K, capacity 7728K, committed 7808K, reserved 1048576K
Event: 31.262 GC heap after
Heap after GC invocations=63 (full 4):
 def new generation   total 29952K, used 0K [0x00000000a0000000, 0x00000000a2080000, 0x00000000c0000000)
  eden space 26624K,   0% used [0x00000000a0000000, 0x00000000a0000000, 0x00000000a1a00000)
  from space 3328K,   0% used [0x00000000a1a00000, 0x00000000a1a00000, 0x00000000a1d40000)
  to   space 3328K,   0% used [0x00000000a1d40000, 0x00000000a1d40000, 0x00000000a2080000)
 tenured generation   total 66272K, used 39761K [0x00000000c0000000, 0x00000000c40b8000, 0x0000000100000000)
   the space 66272K,  59% used [0x00000000c0000000, 0x00000000c26d4460, 0x00000000c26d4600, 0x00000000c40b8000)
 Metaspace       used 54034K, capacity 55813K, committed 55896K, reserved 1097728K
  class space    used 7287K, capacity 7728K, committed 7808K, reserved 1048576K
}
Event: 31.433 GC heap before
{Heap before GC invocations=63 (full 4):
 def new generation   total 29952K, used 26624K [0x00000000a0000000, 0x00000000a2080000, 0x00000000c0000000)
  eden space 26624K, 100% used [0x00000000a0000000, 0x00000000a1a00000, 0x00000000a1a00000)
  from space 3328K,   0% used [0x00000000a1a00000, 0x00000000a1a00000, 0x00000000a1d40000)
  to   space 3328K,   0% used [0x00000000a1d40000, 0x00000000a1d40000, 0x00000000a2080000)
 tenured generation   total 66272K, used 39761K [0x00000000c0000000, 0x00000000c40b8000, 0x0000000100000000)
   the space 66272K,  59% used [0x00000000c0000000, 0x00000000c26d4460, 0x00000000c26d4600, 0x00000000c40b8000)
 Metaspace       used 54038K, capacity 55813K, committed 55896K, reserved 1097728K
  class space    used 7287K, capacity 7728K, committed 7808K, reserved 1048576K
Event: 31.443 GC heap after
Heap after GC invocations=64 (full 4):
 def new generation   total 29952K, used 3328K [0x00000000a0000000, 0x00000000a2080000, 0x00000000c0000000)
  eden space 26624K,   0% used [0x00000000a0000000, 0x00000000a0000000, 0x00000000a1a00000)
  from space 3328K, 100% used [0x00000000a1d40000, 0x00000000a2080000, 0x00000000a2080000)
  to   space 3328K,   0% used [0x00000000a1a00000, 0x00000000a1a00000, 0x00000000a1d40000)
 tenured generation   total 66272K, used 43521K [0x00000000c0000000, 0x00000000c40b8000, 0x0000000100000000)
   the space 66272K,  65% used [0x00000000c0000000, 0x00000000c2a80588, 0x00000000c2a80600, 0x00000000c40b8000)
 Metaspace       used 54038K, capacity 55813K, committed 55896K, reserved 1097728K
  class space    used 7287K, capacity 7728K, committed 7808K, reserved 1048576K
}
Event: 31.573 GC heap before
{Heap before GC invocations=64 (full 4):
 def new generation   total 29952K, used 29952K [0x00000000a0000000, 0x00000000a2080000, 0x00000000c0000000)
  eden space 26624K, 100% used [0x00000000a0000000, 0x00000000a1a00000, 0x00000000a1a00000)
  from space 3328K, 100% used [0x00000000a1d40000, 0x00000000a2080000, 0x00000000a2080000)
  to   space 3328K,   0% used [0x00000000a1a00000, 0x00000000a1a00000, 0x00000000a1d40000)
 tenured generation   total 66272K, used 43521K [0x00000000c0000000, 0x00000000c40b8000, 0x0000000100000000)
   the space 66272K,  65% used [0x00000000c0000000, 0x00000000c2a80588, 0x00000000c2a80600, 0x00000000c40b8000)
 Metaspace       used 54038K, capacity 55813K, committed 55896K, reserved 1097728K
  class space    used 7287K, capacity 7728K, committed 7808K, reserved 1048576K
Event: 31.590 GC heap after
Heap after GC invocations=65 (full 4):
 def new generation   total 29952K, used 3328K [0x00000000a0000000, 0x00000000a2080000, 0x00000000c0000000)
  eden space 26624K,   0% used [0x00000000a0000000, 0x00000000a0000000, 0x00000000a1a00000)
  from space 3328K, 100% used [0x00000000a1a00000, 0x00000000a1d40000, 0x00000000a1d40000)
  to   space 3328K,   0% used [0x00000000a1d40000, 0x00000000a1d40000, 0x00000000a2080000)
 tenured generation   total 66272K, used 50428K [0x00000000c0000000, 0x00000000c40b8000, 0x0000000100000000)
   the space 66272K,  76% used [0x00000000c0000000, 0x00000000c313f298, 0x00000000c313f400, 0x00000000c40b8000)
 Metaspace       used 54038K, capacity 55813K, committed 55896K, reserved 1097728K
  class space    used 7287K, capacity 7728K, committed 7808K, reserved 1048576K
}
Event: 31.790 GC heap before
{Heap before GC invocations=65 (full 4):
 def new generation   total 29952K, used 29952K [0x00000000a0000000, 0x00000000a2080000, 0x00000000c0000000)
  eden space 26624K, 100% used [0x00000000a0000000, 0x00000000a1a00000, 0x00000000a1a00000)
  from space 3328K, 100% used [0x00000000a1a00000, 0x00000000a1d40000, 0x00000000a1d40000)
  to   space 3328K,   0% used [0x00000000a1d40000, 0x00000000a1d40000, 0x00000000a2080000)
 tenured generation   total 66272K, used 50428K [0x00000000c0000000, 0x00000000c40b8000, 0x0000000100000000)
   the space 66272K,  76% used [0x00000000c0000000, 0x00000000c313f298, 0x00000000c313f400, 0x00000000c40b8000)
 Metaspace       used 54038K, capacity 55813K, committed 55896K, reserved 1097728K
  class space    used 7287K, capacity 7728K, committed 7808K, reserved 1048576K
Event: 31.807 GC heap after
Heap after GC invocations=66 (full 4):
 def new generation   total 29952K, used 3328K [0x00000000a0000000, 0x00000000a2080000, 0x00000000c0000000)
  eden space 26624K,   0% used [0x00000000a0000000, 0x00000000a0000000, 0x00000000a1a00000)
  from space 3328K, 100% used [0x00000000a1d40000, 0x00000000a2080000, 0x00000000a2080000)
  to   space 3328K,   0% used [0x00000000a1a00000, 0x00000000a1a00000, 0x00000000a1d40000)
 tenured generation   total 66272K, used 56940K [0x00000000c0000000, 0x00000000c40b8000, 0x0000000100000000)
   the space 66272K,  85% used [0x00000000c0000000, 0x00000000c379b0c0, 0x00000000c379b200, 0x00000000c40b8000)
 Metaspace       used 54038K, capacity 55813K, committed 55896K, reserved 1097728K
  class space    used 7287K, capacity 7728K, committed 7808K, reserved 1048576K
}
Event: 32.050 GC heap before
{Heap before GC invocations=66 (full 4):
 def new generation   total 29952K, used 29952K [0x00000000a0000000, 0x00000000a2080000, 0x00000000c0000000)
  eden space 26624K, 100% used [0x00000000a0000000, 0x00000000a1a00000, 0x00000000a1a00000)
  from space 3328K, 100% used [0x00000000a1d40000, 0x00000000a2080000, 0x00000000a2080000)
  to   space 3328K,   0% used [0x00000000a1a00000, 0x00000000a1a00000, 0x00000000a1d40000)
 tenured generation   total 66272K, used 56940K [0x00000000c0000000, 0x00000000c40b8000, 0x0000000100000000)
   the space 66272K,  85% used [0x00000000c0000000, 0x00000000c379b0c0, 0x00000000c379b200, 0x00000000c40b8000)
 Metaspace       used 54212K, capacity 56013K, committed 56152K, reserved 1097728K
  class space    used 7312K, capacity 7796K, committed 7808K, reserved 1048576K

