# JRE version: OpenJDK Runtime Environment (8.0_152-b01) (build 1.8.0_152-release-915-b01)
# Java VM: OpenJDK 64-Bit Server VM (25.152-b01 mixed mode linux-amd64 compressed oops)
Heap:
 def new generation   total 30080K, used 0K [0x00000000a0000000, 0x00000000a20a0000, 0x00000000c0000000)
  eden space 26752K,   0% used [0x00000000a0000000, 0x00000000a0000000, 0x00000000a1a20000)
  from space 3328K,   0% used [0x00000000a1a20000, 0x00000000a1a20000, 0x00000000a1d60000)
  to   space 3328K,   0% used [0x00000000a1d60000, 0x00000000a1d60000, 0x00000000a20a0000)
 tenured generation   total 77156K, used 74193K [0x00000000c0000000, 0x00000000c4b59000, 0x0000000100000000)
   the space 77156K,  96% used [0x00000000c0000000, 0x00000000c4874720, 0x00000000c4874800, 0x00000000c4b59000)
 Metaspace       used 54179K, capacity 56076K, committed 56152K, reserved 1097728K
  class space    used 7320K, capacity 7795K, committed 7808K, reserved 1048576K
GC Heap History (10 events):
Event: 53.220 GC heap after
Heap after GC invocations=62 (full 3):
 def new generation   total 19328K, used 2111K [0x00000000a0000000, 0x00000000a14f0000, 0x00000000c0000000)
  eden space 17216K,   0% used [0x00000000a0000000, 0x00000000a0000000, 0x00000000a10d0000)
  from space 2112K,  99% used [0x00000000a12e0000, 0x00000000a14efff8, 0x00000000a14f0000)
  to   space 2112K,   0% used [0x00000000a10d0000, 0x00000000a10d0000, 0x00000000a12e0000)
 tenured generation   total 42684K, used 39967K [0x00000000c0000000, 0x00000000c29af000, 0x0000000100000000)
   the space 42684K,  93% used [0x00000000c0000000, 0x00000000c2707c98, 0x00000000c2707e00, 0x00000000c29af000)
 Metaspace       used 53996K, capacity 55844K, committed 55896K, reserved 1097728K
  class space    used 7296K, capacity 7759K, committed 7808K, reserved 1048576K
}
Event: 53.321 GC heap before
{Heap before GC invocations=62 (full 3):
 def new generation   total 19328K, used 19327K [0x00000000a0000000, 0x00000000a14f0000, 0x00000000c0000000)
  eden space 17216K, 100% used [0x00000000a0000000, 0x00000000a10d0000, 0x00000000a10d0000)
  from space 2112K,  99% used [0x00000000a12e0000, 0x00000000a14efff8, 0x00000000a14f0000)
  to   space 2112K,   0% used [0x00000000a10d0000, 0x00000000a10d0000, 0x00000000a12e0000)
 tenured generation   total 42684K, used 39967K [0x00000000c0000000, 0x00000000c29af000, 0x0000000100000000)
   the space 42684K,  93% used [0x00000000c0000000, 0x00000000c2707c98, 0x00000000c2707e00, 0x00000000c29af000)
 Metaspace       used 53996K, capacity 55844K, committed 55896K, reserved 1097728K
  class space    used 7296K, capacity 7759K, committed 7808K, reserved 1048576K
Event: 53.572 GC heap after
Heap after GC invocations=63 (full 4):
 def new generation   total 30080K, used 0K [0x00000000a0000000, 0x00000000a20a0000, 0x00000000c0000000)
  eden space 26752K,   0% used [0x00000000a0000000, 0x00000000a0000000, 0x00000000a1a20000)
  from space 3328K,   0% used [0x00000000a1a20000, 0x00000000a1a20000, 0x00000000a1d60000)
  to   space 3328K,   0% used [0x00000000a1d60000, 0x00000000a1d60000, 0x00000000a20a0000)
 tenured generation   total 66548K, used 39927K [0x00000000c0000000, 0x00000000c40fd000, 0x0000000100000000)
   the space 66548K,  59% used [0x00000000c0000000, 0x00000000c26fdc30, 0x00000000c26fde00, 0x00000000c40fd000)
 Metaspace       used 53996K, capacity 55844K, committed 55896K, reserved 1097728K
  class space    used 7296K, capacity 7759K, committed 7808K, reserved 1048576K
}
Event: 53.724 GC heap before
{Heap before GC invocations=63 (full 4):
 def new generation   total 30080K, used 26752K [0x00000000a0000000, 0x00000000a20a0000, 0x00000000c0000000)
  eden space 26752K, 100% used [0x00000000a0000000, 0x00000000a1a20000, 0x00000000a1a20000)
  from space 3328K,   0% used [0x00000000a1a20000, 0x00000000a1a20000, 0x00000000a1d60000)
  to   space 3328K,   0% used [0x00000000a1d60000, 0x00000000a1d60000, 0x00000000a20a0000)
 tenured generation   total 66548K, used 39927K [0x00000000c0000000, 0x00000000c40fd000, 0x0000000100000000)
   the space 66548K,  59% used [0x00000000c0000000, 0x00000000c26fdc30, 0x00000000c26fde00, 0x00000000c40fd000)
 Metaspace       used 53999K, capacity 55844K, committed 55896K, reserved 1097728K
  class space    used 7296K, capacity 7759K, committed 7808K, reserved 1048576K
Event: 53.734 GC heap after
Heap after GC invocations=64 (full 4):
 def new generation   total 30080K, used 3327K [0x00000000a0000000, 0x00000000a20a0000, 0x00000000c0000000)
  eden space 26752K,   0% used [0x00000000a0000000, 0x00000000a0000000, 0x00000000a1a20000)
  from space 3328K,  99% used [0x00000000a1d60000, 0x00000000a209fff8, 0x00000000a20a0000)
  to   space 3328K,   0% used [0x00000000a1a20000, 0x00000000a1a20000, 0x00000000a1d60000)
 tenured generation   total 66548K, used 43852K [0x00000000c0000000, 0x00000000c40fd000, 0x0000000100000000)
   the space 66548K,  65% used [0x00000000c0000000, 0x00000000c2ad31e0, 0x00000000c2ad3200, 0x00000000c40fd000)
 Metaspace       used 53999K, capacity 55844K, committed 55896K, reserved 1097728K
  class space    used 7296K, capacity 7759K, committed 7808K, reserved 1048576K
}
Event: 53.892 GC heap before
{Heap before GC invocations=64 (full 4):
 def new generation   total 30080K, used 30079K [0x00000000a0000000, 0x00000000a20a0000, 0x00000000c0000000)
  eden space 26752K, 100% used [0x00000000a0000000, 0x00000000a1a20000, 0x00000000a1a20000)
  from space 3328K,  99% used [0x00000000a1d60000, 0x00000000a209fff8, 0x00000000a20a0000)
  to   space 3328K,   0% used [0x00000000a1a20000, 0x00000000a1a20000, 0x00000000a1d60000)
 tenured generation   total 66548K, used 43852K [0x00000000c0000000, 0x00000000c40fd000, 0x0000000100000000)
   the space 66548K,  65% used [0x00000000c0000000, 0x00000000c2ad31e0, 0x00000000c2ad3200, 0x00000000c40fd000)
 Metaspace       used 53999K, capacity 55844K, committed 55896K, reserved 1097728K
  class space    used 7296K, capacity 7759K, committed 7808K, reserved 1048576K
Event: 53.911 GC heap after
Heap after GC invocations=65 (full 4):
 def new generation   total 30080K, used 3328K [0x00000000a0000000, 0x00000000a20a0000, 0x00000000c0000000)
  eden space 26752K,   0% used [0x00000000a0000000, 0x00000000a0000000, 0x00000000a1a20000)
  from space 3328K, 100% used [0x00000000a1a20000, 0x00000000a1d60000, 0x00000000a1d60000)
  to   space 3328K,   0% used [0x00000000a1d60000, 0x00000000a1d60000, 0x00000000a20a0000)
 tenured generation   total 66548K, used 50883K [0x00000000c0000000, 0x00000000c40fd000, 0x0000000100000000)
   the space 66548K,  76% used [0x00000000c0000000, 0x00000000c31b0c28, 0x00000000c31b0e00, 0x00000000c40fd000)
 Metaspace       used 53999K, capacity 55844K, committed 55896K, reserved 1097728K
  class space    used 7296K, capacity 7759K, committed 7808K, reserved 1048576K
}
Event: 54.131 GC heap before
{Heap before GC invocations=65 (full 4):
 def new generation   total 30080K, used 29671K [0x00000000a0000000, 0x00000000a20a0000, 0x00000000c0000000)
  eden space 26752K,  98% used [0x00000000a0000000, 0x00000000a19b9e58, 0x00000000a1a20000)
  from space 3328K, 100% used [0x00000000a1a20000, 0x00000000a1d60000, 0x00000000a1d60000)
  to   space 3328K,   0% used [0x00000000a1d60000, 0x00000000a1d60000, 0x00000000a20a0000)
 tenured generation   total 66548K, used 50883K [0x00000000c0000000, 0x00000000c40fd000, 0x0000000100000000)
   the space 66548K,  76% used [0x00000000c0000000, 0x00000000c31b0c28, 0x00000000c31b0e00, 0x00000000c40fd000)
 Metaspace       used 54094K, capacity 55916K, committed 56152K, reserved 1097728K
  class space    used 7309K, capacity 7763K, committed 7808K, reserved 1048576K
Event: 54.153 GC heap after
Heap after GC invocations=66 (full 4):
 def new generation   total 30080K, used 3328K [0x00000000a0000000, 0x00000000a20a0000, 0x00000000c0000000)
  eden space 26752K,   0% used [0x00000000a0000000, 0x00000000a0000000, 0x00000000a1a20000)
  from space 3328K, 100% used [0x00000000a1d60000, 0x00000000a20a0000, 0x00000000a20a0000)
  to   space 3328K,   0% used [0x00000000a1a20000, 0x00000000a1a20000, 0x00000000a1d60000)
 tenured generation   total 66548K, used 57411K [0x00000000c0000000, 0x00000000c40fd000, 0x0000000100000000)
   the space 66548K,  86% used [0x00000000c0000000, 0x00000000c3810d28, 0x00000000c3810e00, 0x00000000c40fd000)
 Metaspace       used 54094K, capacity 55916K, committed 56152K, reserved 1097728K
  class space    used 7309K, capacity 7763K, committed 7808K, reserved 1048576K
}
Event: 54.540 GC heap before
{Heap before GC invocations=66 (full 4):
 def new generation   total 30080K, used 30080K [0x00000000a0000000, 0x00000000a20a0000, 0x00000000c0000000)
  eden space 26752K, 100% used [0x00000000a0000000, 0x00000000a1a20000, 0x00000000a1a20000)
  from space 3328K, 100% used [0x00000000a1d60000, 0x00000000a20a0000, 0x00000000a20a0000)
  to   space 3328K,   0% used [0x00000000a1a20000, 0x00000000a1a20000, 0x00000000a1d60000)
 tenured generation   total 66548K, used 57411K [0x00000000c0000000, 0x00000000c40fd000, 0x0000000100000000)
   the space 66548K,  86% used [0x00000000c0000000, 0x00000000c3810d28, 0x00000000c3810e00, 0x00000000c40fd000)
 Metaspace       used 54179K, capacity 56076K, committed 56152K, reserved 1097728K
  class space    used 7320K, capacity 7795K, committed 7808K, reserved 1048576K

