# JRE version: OpenJDK Runtime Environment (8.0_152-b01) (build 1.8.0_152-release-915-b01)
# Java VM: OpenJDK 64-Bit Server VM (25.152-b01 mixed mode linux-amd64 compressed oops)
Heap:
 def new generation   total 29824K, used 0K [0x00000000a0000000, 0x00000000a2050000, 0x00000000c0000000)
  eden space 26560K,   0% used [0x00000000a0000000, 0x00000000a0000000, 0x00000000a19f0000)
  from space 3264K,   0% used [0x00000000a19f0000, 0x00000000a19f0000, 0x00000000a1d20000)
  to   space 3264K,   0% used [0x00000000a1d20000, 0x00000000a1d20000, 0x00000000a2050000)
 tenured generation   total 76488K, used 74431K [0x00000000c0000000, 0x00000000c4ab2000, 0x0000000100000000)
   the space 76488K,  97% used [0x00000000c0000000, 0x00000000c48aff18, 0x00000000c48b0000, 0x00000000c4ab2000)
 Metaspace       used 54221K, capacity 56142K, committed 56408K, reserved 1097728K
  class space    used 7312K, capacity 7797K, committed 7808K, reserved 1048576K
GC Heap History (10 events):
Event: 54.495 GC heap after
Heap after GC invocations=64 (full 3):
 def new generation   total 17728K, used 1920K [0x00000000a0000000, 0x00000000a1330000, 0x00000000c0000000)
  eden space 15808K,   0% used [0x00000000a0000000, 0x00000000a0000000, 0x00000000a0f70000)
  from space 1920K, 100% used [0x00000000a1150000, 0x00000000a1330000, 0x00000000a1330000)
  to   space 1920K,   0% used [0x00000000a0f70000, 0x00000000a0f70000, 0x00000000a1150000)
 tenured generation   total 39084K, used 38878K [0x00000000c0000000, 0x00000000c262b000, 0x0000000100000000)
   the space 39084K,  99% used [0x00000000c0000000, 0x00000000c25f7828, 0x00000000c25f7a00, 0x00000000c262b000)
 Metaspace       used 54047K, capacity 55942K, committed 56152K, reserved 1097728K
  class space    used 7288K, capacity 7729K, committed 7808K, reserved 1048576K
}
Event: 54.561 GC heap before
{Heap before GC invocations=64 (full 3):
 def new generation   total 17728K, used 17728K [0x00000000a0000000, 0x00000000a1330000, 0x00000000c0000000)
  eden space 15808K, 100% used [0x00000000a0000000, 0x00000000a0f70000, 0x00000000a0f70000)
  from space 1920K, 100% used [0x00000000a1150000, 0x00000000a1330000, 0x00000000a1330000)
  to   space 1920K,   0% used [0x00000000a0f70000, 0x00000000a0f70000, 0x00000000a1150000)
 tenured generation   total 39084K, used 38878K [0x00000000c0000000, 0x00000000c262b000, 0x0000000100000000)
   the space 39084K,  99% used [0x00000000c0000000, 0x00000000c25f7828, 0x00000000c25f7a00, 0x00000000c262b000)
 Metaspace       used 54047K, capacity 55942K, committed 56152K, reserved 1097728K
  class space    used 7288K, capacity 7729K, committed 7808K, reserved 1048576K
Event: 54.837 GC heap after
Heap after GC invocations=65 (full 4):
 def new generation   total 29824K, used 0K [0x00000000a0000000, 0x00000000a2050000, 0x00000000c0000000)
  eden space 26560K,   0% used [0x00000000a0000000, 0x00000000a0000000, 0x00000000a19f0000)
  from space 3264K,   0% used [0x00000000a19f0000, 0x00000000a19f0000, 0x00000000a1d20000)
  to   space 3264K,   0% used [0x00000000a1d20000, 0x00000000a1d20000, 0x00000000a2050000)
 tenured generation   total 65880K, used 39526K [0x00000000c0000000, 0x00000000c4056000, 0x0000000100000000)
   the space 65880K,  59% used [0x00000000c0000000, 0x00000000c26999e0, 0x00000000c2699a00, 0x00000000c4056000)
 Metaspace       used 54047K, capacity 55942K, committed 56152K, reserved 1097728K
  class space    used 7288K, capacity 7729K, committed 7808K, reserved 1048576K
}
Event: 55.473 GC heap before
{Heap before GC invocations=65 (full 4):
 def new generation   total 29824K, used 26560K [0x00000000a0000000, 0x00000000a2050000, 0x00000000c0000000)
  eden space 26560K, 100% used [0x00000000a0000000, 0x00000000a19f0000, 0x00000000a19f0000)
  from space 3264K,   0% used [0x00000000a19f0000, 0x00000000a19f0000, 0x00000000a1d20000)
  to   space 3264K,   0% used [0x00000000a1d20000, 0x00000000a1d20000, 0x00000000a2050000)
 tenured generation   total 65880K, used 39526K [0x00000000c0000000, 0x00000000c4056000, 0x0000000100000000)
   the space 65880K,  59% used [0x00000000c0000000, 0x00000000c26999e0, 0x00000000c2699a00, 0x00000000c4056000)
 Metaspace       used 54047K, capacity 55942K, committed 56152K, reserved 1097728K
  class space    used 7288K, capacity 7729K, committed 7808K, reserved 1048576K
Event: 55.490 GC heap after
Heap after GC invocations=66 (full 4):
 def new generation   total 29824K, used 3264K [0x00000000a0000000, 0x00000000a2050000, 0x00000000c0000000)
  eden space 26560K,   0% used [0x00000000a0000000, 0x00000000a0000000, 0x00000000a19f0000)
  from space 3264K, 100% used [0x00000000a1d20000, 0x00000000a2050000, 0x00000000a2050000)
  to   space 3264K,   0% used [0x00000000a19f0000, 0x00000000a19f0000, 0x00000000a1d20000)
 tenured generation   total 65880K, used 43153K [0x00000000c0000000, 0x00000000c4056000, 0x0000000100000000)
   the space 65880K,  65% used [0x00000000c0000000, 0x00000000c2a245f8, 0x00000000c2a24600, 0x00000000c4056000)
 Metaspace       used 54047K, capacity 55942K, committed 56152K, reserved 1097728K
  class space    used 7288K, capacity 7729K, committed 7808K, reserved 1048576K
}
Event: 55.639 GC heap before
{Heap before GC invocations=66 (full 4):
 def new generation   total 29824K, used 29824K [0x00000000a0000000, 0x00000000a2050000, 0x00000000c0000000)
  eden space 26560K, 100% used [0x00000000a0000000, 0x00000000a19f0000, 0x00000000a19f0000)
  from space 3264K, 100% used [0x00000000a1d20000, 0x00000000a2050000, 0x00000000a2050000)
  to   space 3264K,   0% used [0x00000000a19f0000, 0x00000000a19f0000, 0x00000000a1d20000)
 tenured generation   total 65880K, used 43153K [0x00000000c0000000, 0x00000000c4056000, 0x0000000100000000)
   the space 65880K,  65% used [0x00000000c0000000, 0x00000000c2a245f8, 0x00000000c2a24600, 0x00000000c4056000)
 Metaspace       used 54047K, capacity 55942K, committed 56152K, reserved 1097728K
  class space    used 7288K, capacity 7729K, committed 7808K, reserved 1048576K
Event: 55.689 GC heap after
Heap after GC invocations=67 (full 4):
 def new generation   total 29824K, used 3264K [0x00000000a0000000, 0x00000000a2050000, 0x00000000c0000000)
  eden space 26560K,   0% used [0x00000000a0000000, 0x00000000a0000000, 0x00000000a19f0000)
  from space 3264K, 100% used [0x00000000a19f0000, 0x00000000a1d20000, 0x00000000a1d20000)
  to   space 3264K,   0% used [0x00000000a1d20000, 0x00000000a1d20000, 0x00000000a2050000)
 tenured generation   total 65880K, used 50197K [0x00000000c0000000, 0x00000000c4056000, 0x0000000100000000)
   the space 65880K,  76% used [0x00000000c0000000, 0x00000000c31055f8, 0x00000000c3105600, 0x00000000c4056000)
 Metaspace       used 54047K, capacity 55942K, committed 56152K, reserved 1097728K
  class space    used 7288K, capacity 7729K, committed 7808K, reserved 1048576K
}
Event: 55.840 GC heap before
{Heap before GC invocations=67 (full 4):
 def new generation   total 29824K, used 29824K [0x00000000a0000000, 0x00000000a2050000, 0x00000000c0000000)
  eden space 26560K, 100% used [0x00000000a0000000, 0x00000000a19f0000, 0x00000000a19f0000)
  from space 3264K, 100% used [0x00000000a19f0000, 0x00000000a1d20000, 0x00000000a1d20000)
  to   space 3264K,   0% used [0x00000000a1d20000, 0x00000000a1d20000, 0x00000000a2050000)
 tenured generation   total 65880K, used 50197K [0x00000000c0000000, 0x00000000c4056000, 0x0000000100000000)
   the space 65880K,  76% used [0x00000000c0000000, 0x00000000c31055f8, 0x00000000c3105600, 0x00000000c4056000)
 Metaspace       used 54048K, capacity 55942K, committed 56152K, reserved 1097728K
  class space    used 7288K, capacity 7729K, committed 7808K, reserved 1048576K
Event: 55.855 GC heap after
Heap after GC invocations=68 (full 4):
 def new generation   total 29824K, used 3264K [0x00000000a0000000, 0x00000000a2050000, 0x00000000c0000000)
  eden space 26560K,   0% used [0x00000000a0000000, 0x00000000a0000000, 0x00000000a19f0000)
  from space 3264K, 100% used [0x00000000a1d20000, 0x00000000a2050000, 0x00000000a2050000)
  to   space 3264K,   0% used [0x00000000a19f0000, 0x00000000a19f0000, 0x00000000a1d20000)
 tenured generation   total 65880K, used 56809K [0x00000000c0000000, 0x00000000c4056000, 0x0000000100000000)
   the space 65880K,  86% used [0x00000000c0000000, 0x00000000c377a6c0, 0x00000000c377a800, 0x00000000c4056000)
 Metaspace       used 54048K, capacity 55942K, committed 56152K, reserved 1097728K
  class space    used 7288K, capacity 7729K, committed 7808K, reserved 1048576K
}
Event: 56.225 GC heap before
{Heap before GC invocations=68 (full 4):
 def new generation   total 29824K, used 29824K [0x00000000a0000000, 0x00000000a2050000, 0x00000000c0000000)
  eden space 26560K, 100% used [0x00000000a0000000, 0x00000000a19f0000, 0x00000000a19f0000)
  from space 3264K, 100% used [0x00000000a1d20000, 0x00000000a2050000, 0x00000000a2050000)
  to   space 3264K,   0% used [0x00000000a19f0000, 0x00000000a19f0000, 0x00000000a1d20000)
 tenured generation   total 65880K, used 56809K [0x00000000c0000000, 0x00000000c4056000, 0x0000000100000000)
   the space 65880K,  86% used [0x00000000c0000000, 0x00000000c377a6c0, 0x00000000c377a800, 0x00000000c4056000)
 Metaspace       used 54221K, capacity 56142K, committed 56408K, reserved 1097728K
  class space    used 7312K, capacity 7797K, committed 7808K, reserved 1048576K

