# JRE version: OpenJDK Runtime Environment (8.0_152-b01) (build 1.8.0_152-release-915-b01)
# Java VM: OpenJDK 64-Bit Server VM (25.152-b01 mixed mode linux-amd64 compressed oops)
Heap:
 def new generation   total 29952K, used 0K [0x00000000a0000000, 0x00000000a2080000, 0x00000000c0000000)
  eden space 26624K,   0% used [0x00000000a0000000, 0x00000000a0000000, 0x00000000a1a00000)
  from space 3328K,   0% used [0x00000000a1a00000, 0x00000000a1a00000, 0x00000000a1d40000)
  to   space 3328K,   0% used [0x00000000a1d40000, 0x00000000a1d40000, 0x00000000a2080000)
 tenured generation   total 76884K, used 74436K [0x00000000c0000000, 0x00000000c4b15000, 0x0000000100000000)
   the space 76884K,  96% used [0x00000000c0000000, 0x00000000c48b1300, 0x00000000c48b1400, 0x00000000c4b15000)
 Metaspace       used 54219K, capacity 56147K, committed 56408K, reserved 1097728K
  class space    used 7312K, capacity 7798K, committed 7808K, reserved 1048576K
GC Heap History (10 events):
Event: 43.348 GC heap after
Heap after GC invocations=62 (full 3):
 def new generation   total 19200K, used 2112K [0x00000000a0000000, 0x00000000a14d0000, 0x00000000c0000000)
  eden space 17088K,   0% used [0x00000000a0000000, 0x00000000a0000000, 0x00000000a10b0000)
  from space 2112K, 100% used [0x00000000a12c0000, 0x00000000a14d0000, 0x00000000a14d0000)
  to   space 2112K,   0% used [0x00000000a10b0000, 0x00000000a10b0000, 0x00000000a12c0000)
 tenured generation   total 42416K, used 39590K [0x00000000c0000000, 0x00000000c296c000, 0x0000000100000000)
   the space 42416K,  93% used [0x00000000c0000000, 0x00000000c26a9a00, 0x00000000c26a9a00, 0x00000000c296c000)
 Metaspace       used 54037K, capacity 55947K, committed 56152K, reserved 1097728K
  class space    used 7288K, capacity 7730K, committed 7808K, reserved 1048576K
}
Event: 43.388 GC heap before
{Heap before GC invocations=62 (full 3):
 def new generation   total 19200K, used 19200K [0x00000000a0000000, 0x00000000a14d0000, 0x00000000c0000000)
  eden space 17088K, 100% used [0x00000000a0000000, 0x00000000a10b0000, 0x00000000a10b0000)
  from space 2112K, 100% used [0x00000000a12c0000, 0x00000000a14d0000, 0x00000000a14d0000)
  to   space 2112K,   0% used [0x00000000a10b0000, 0x00000000a10b0000, 0x00000000a12c0000)
 tenured generation   total 42416K, used 39590K [0x00000000c0000000, 0x00000000c296c000, 0x0000000100000000)
   the space 42416K,  93% used [0x00000000c0000000, 0x00000000c26a9a00, 0x00000000c26a9a00, 0x00000000c296c000)
 Metaspace       used 54037K, capacity 55947K, committed 56152K, reserved 1097728K
  class space    used 7288K, capacity 7730K, committed 7808K, reserved 1048576K
Event: 43.571 GC heap after
Heap after GC invocations=63 (full 4):
 def new generation   total 29952K, used 0K [0x00000000a0000000, 0x00000000a2080000, 0x00000000c0000000)
  eden space 26624K,   0% used [0x00000000a0000000, 0x00000000a0000000, 0x00000000a1a00000)
  from space 3328K,   0% used [0x00000000a1a00000, 0x00000000a1a00000, 0x00000000a1d40000)
  to   space 3328K,   0% used [0x00000000a1d40000, 0x00000000a1d40000, 0x00000000a2080000)
 tenured generation   total 66276K, used 39764K [0x00000000c0000000, 0x00000000c40b9000, 0x0000000100000000)
   the space 66276K,  59% used [0x00000000c0000000, 0x00000000c26d51c8, 0x00000000c26d5200, 0x00000000c40b9000)
 Metaspace       used 54037K, capacity 55947K, committed 56152K, reserved 1097728K
  class space    used 7288K, capacity 7730K, committed 7808K, reserved 1048576K
}
Event: 43.740 GC heap before
{Heap before GC invocations=63 (full 4):
 def new generation   total 29952K, used 26624K [0x00000000a0000000, 0x00000000a2080000, 0x00000000c0000000)
  eden space 26624K, 100% used [0x00000000a0000000, 0x00000000a1a00000, 0x00000000a1a00000)
  from space 3328K,   0% used [0x00000000a1a00000, 0x00000000a1a00000, 0x00000000a1d40000)
  to   space 3328K,   0% used [0x00000000a1d40000, 0x00000000a1d40000, 0x00000000a2080000)
 tenured generation   total 66276K, used 39764K [0x00000000c0000000, 0x00000000c40b9000, 0x0000000100000000)
   the space 66276K,  59% used [0x00000000c0000000, 0x00000000c26d51c8, 0x00000000c26d5200, 0x00000000c40b9000)
 Metaspace       used 54037K, capacity 55947K, committed 56152K, reserved 1097728K
  class space    used 7288K, capacity 7730K, committed 7808K, reserved 1048576K
Event: 43.770 GC heap after
Heap after GC invocations=64 (full 4):
 def new generation   total 29952K, used 3328K [0x00000000a0000000, 0x00000000a2080000, 0x00000000c0000000)
  eden space 26624K,   0% used [0x00000000a0000000, 0x00000000a0000000, 0x00000000a1a00000)
  from space 3328K, 100% used [0x00000000a1d40000, 0x00000000a2080000, 0x00000000a2080000)
  to   space 3328K,   0% used [0x00000000a1a00000, 0x00000000a1a00000, 0x00000000a1d40000)
 tenured generation   total 66276K, used 43550K [0x00000000c0000000, 0x00000000c40b9000, 0x0000000100000000)
   the space 66276K,  65% used [0x00000000c0000000, 0x00000000c2a87ad0, 0x00000000c2a87c00, 0x00000000c40b9000)
 Metaspace       used 54037K, capacity 55947K, committed 56152K, reserved 1097728K
  class space    used 7288K, capacity 7730K, committed 7808K, reserved 1048576K
}
Event: 43.895 GC heap before
{Heap before GC invocations=64 (full 4):
 def new generation   total 29952K, used 29952K [0x00000000a0000000, 0x00000000a2080000, 0x00000000c0000000)
  eden space 26624K, 100% used [0x00000000a0000000, 0x00000000a1a00000, 0x00000000a1a00000)
  from space 3328K, 100% used [0x00000000a1d40000, 0x00000000a2080000, 0x00000000a2080000)
  to   space 3328K,   0% used [0x00000000a1a00000, 0x00000000a1a00000, 0x00000000a1d40000)
 tenured generation   total 66276K, used 43550K [0x00000000c0000000, 0x00000000c40b9000, 0x0000000100000000)
   the space 66276K,  65% used [0x00000000c0000000, 0x00000000c2a87ad0, 0x00000000c2a87c00, 0x00000000c40b9000)
 Metaspace       used 54037K, capacity 55947K, committed 56152K, reserved 1097728K
  class space    used 7288K, capacity 7730K, committed 7808K, reserved 1048576K
Event: 43.955 GC heap after
Heap after GC invocations=65 (full 4):
 def new generation   total 29952K, used 3328K [0x00000000a0000000, 0x00000000a2080000, 0x00000000c0000000)
  eden space 26624K,   0% used [0x00000000a0000000, 0x00000000a0000000, 0x00000000a1a00000)
  from space 3328K, 100% used [0x00000000a1a00000, 0x00000000a1d40000, 0x00000000a1d40000)
  to   space 3328K,   0% used [0x00000000a1d40000, 0x00000000a1d40000, 0x00000000a2080000)
 tenured generation   total 66276K, used 50423K [0x00000000c0000000, 0x00000000c40b9000, 0x0000000100000000)
   the space 66276K,  76% used [0x00000000c0000000, 0x00000000c313df70, 0x00000000c313e000, 0x00000000c40b9000)
 Metaspace       used 54037K, capacity 55947K, committed 56152K, reserved 1097728K
  class space    used 7288K, capacity 7730K, committed 7808K, reserved 1048576K
}
Event: 44.209 GC heap before
{Heap before GC invocations=65 (full 4):
 def new generation   total 29952K, used 29952K [0x00000000a0000000, 0x00000000a2080000, 0x00000000c0000000)
  eden space 26624K, 100% used [0x00000000a0000000, 0x00000000a1a00000, 0x00000000a1a00000)
  from space 3328K, 100% used [0x00000000a1a00000, 0x00000000a1d40000, 0x00000000a1d40000)
  to   space 3328K,   0% used [0x00000000a1d40000, 0x00000000a1d40000, 0x00000000a2080000)
 tenured generation   total 66276K, used 50423K [0x00000000c0000000, 0x00000000c40b9000, 0x0000000100000000)
   the space 66276K,  76% used [0x00000000c0000000, 0x00000000c313df70, 0x00000000c313e000, 0x00000000c40b9000)
 Metaspace       used 54038K, capacity 55947K, committed 56152K, reserved 1097728K
  class space    used 7288K, capacity 7730K, committed 7808K, reserved 1048576K
Event: 44.228 GC heap after
Heap after GC invocations=66 (full 4):
 def new generation   total 29952K, used 3328K [0x00000000a0000000, 0x00000000a2080000, 0x00000000c0000000)
  eden space 26624K,   0% used [0x00000000a0000000, 0x00000000a0000000, 0x00000000a1a00000)
  from space 3328K, 100% used [0x00000000a1d40000, 0x00000000a2080000, 0x00000000a2080000)
  to   space 3328K,   0% used [0x00000000a1a00000, 0x00000000a1a00000, 0x00000000a1d40000)
 tenured generation   total 66276K, used 56958K [0x00000000c0000000, 0x00000000c40b9000, 0x0000000100000000)
   the space 66276K,  85% used [0x00000000c0000000, 0x00000000c379fb78, 0x00000000c379fc00, 0x00000000c40b9000)
 Metaspace       used 54038K, capacity 55947K, committed 56152K, reserved 1097728K
  class space    used 7288K, capacity 7730K, committed 7808K, reserved 1048576K
}
Event: 44.534 GC heap before
{Heap before GC invocations=66 (full 4):
 def new generation   total 29952K, used 29952K [0x00000000a0000000, 0x00000000a2080000, 0x00000000c0000000)
  eden space 26624K, 100% used [0x00000000a0000000, 0x00000000a1a00000, 0x00000000a1a00000)
  from space 3328K, 100% used [0x00000000a1d40000, 0x00000000a2080000, 0x00000000a2080000)
  to   space 3328K,   0% used [0x00000000a1a00000, 0x00000000a1a00000, 0x00000000a1d40000)
 tenured generation   total 66276K, used 56958K [0x00000000c0000000, 0x00000000c40b9000, 0x0000000100000000)
   the space 66276K,  85% used [0x00000000c0000000, 0x00000000c379fb78, 0x00000000c379fc00, 0x00000000c40b9000)
 Metaspace       used 54219K, capacity 56147K, committed 56408K, reserved 1097728K
  class space    used 7312K, capacity 7798K, committed 7808K, reserved 1048576K

